<?xml version="1.0" encoding="UTF-8"?>
<!-- Generated by org.testng.reporters.JUnitReportReporter -->
<testsuite hostname="LAPTOP-8NN4035U" failures="0" tests="1" name="testscript.Login_script" time="14.988" errors="0" timestamp="2023-04-26T23:28:58 IST" skipped="0">
  <testcase classname="testscript.Login_script" name="test1" time="14.988"/>
  <system-out/>
</testsuite> <!-- testscript.Login_script -->
